<?xml version="1.0" encoding="UTF-8"?>
<!-- Generated by org.testng.reporters.JUnitXMLReporter -->
<testsuite hostname="5S5MRR9HEC69H" failures="0" tests="8" name="Default test" time="39.725" errors="0" timestamp="18 Mar 2024 10:13:16 GMT">
  <testcase classname="Sauce_demo_Project.Selenium_Project" name="Title" time="2.047"/>
  <testcase classname="Sauce_demo_Project.Selenium_Project" name="Login" time="6.857"/>
  <testcase classname="Sauce_demo_Project.Selenium_Project" name="Add_to_cart" time="2.066"/>
  <testcase classname="Sauce_demo_Project.Selenium_Project" name="cart_item" time="2.121"/>
  <testcase classname="Sauce_demo_Project.Selenium_Project" name="checkout" time="2.123"/>
  <testcase classname="Sauce_demo_Project.Selenium_Project" name="details" time="4.479"/>
  <testcase classname="Sauce_demo_Project.Selenium_Project" name="payment" time="2.109"/>
  <testcase classname="Sauce_demo_Project.Selenium_Project" name="order" time="2.294"/>
</testsuite> <!-- Default test -->
