<?xml version="1.0" encoding="UTF-8"?>
<testng-results total="8" passed="8" failed="0" skipped="0">
  <reporter-output>
  </reporter-output>
  <suite started-at="2024-03-18T10:12:36Z" name="Default suite" finished-at="2024-03-18T10:13:16Z" duration-ms="39725">
    <groups>
      <group name="smoke">
        <method signature="Selenium_Project.Add_to_cart()[pri:3, instance:Sauce_demo_Project.Selenium_Project@6e535154]" name="Add_to_cart" class="Sauce_demo_Project.Selenium_Project"/>
        <method signature="Selenium_Project.Login()[pri:1, instance:Sauce_demo_Project.Selenium_Project@6e535154]" name="Login" class="Sauce_demo_Project.Selenium_Project"/>
        <method signature="Selenium_Project.Title()[pri:0, instance:Sauce_demo_Project.Selenium_Project@6e535154]" name="Title" class="Sauce_demo_Project.Selenium_Project"/>
        <method signature="Selenium_Project.cart_item()[pri:4, instance:Sauce_demo_Project.Selenium_Project@6e535154]" name="cart_item" class="Sauce_demo_Project.Selenium_Project"/>
        <method signature="Selenium_Project.checkout()[pri:5, instance:Sauce_demo_Project.Selenium_Project@6e535154]" name="checkout" class="Sauce_demo_Project.Selenium_Project"/>
        <method signature="Selenium_Project.details()[pri:6, instance:Sauce_demo_Project.Selenium_Project@6e535154]" name="details" class="Sauce_demo_Project.Selenium_Project"/>
        <method signature="Selenium_Project.order()[pri:8, instance:Sauce_demo_Project.Selenium_Project@6e535154]" name="order" class="Sauce_demo_Project.Selenium_Project"/>
        <method signature="Selenium_Project.payment()[pri:7, instance:Sauce_demo_Project.Selenium_Project@6e535154]" name="payment" class="Sauce_demo_Project.Selenium_Project"/>
      </group> <!-- smoke -->
    </groups>
    <test started-at="2024-03-18T10:12:36Z" name="Default test" finished-at="2024-03-18T10:13:16Z" duration-ms="39725">
      <class name="Sauce_demo_Project.Selenium_Project">
        <test-method is-config="true" signature="setup()[pri:0, instance:Sauce_demo_Project.Selenium_Project@6e535154]" started-at="2024-03-18T15:42:36Z" name="setup" finished-at="2024-03-18T15:42:51Z" duration-ms="14910" status="PASS">
          <reporter-output>
          </reporter-output>
        </test-method> <!-- setup -->
        <test-method signature="Title()[pri:0, instance:Sauce_demo_Project.Selenium_Project@6e535154]" started-at="2024-03-18T15:42:51Z" name="Title" finished-at="2024-03-18T15:42:53Z" duration-ms="2047" status="PASS">
          <reporter-output>
          </reporter-output>
        </test-method> <!-- Title -->
        <test-method signature="Login()[pri:1, instance:Sauce_demo_Project.Selenium_Project@6e535154]" started-at="2024-03-18T15:42:53Z" name="Login" finished-at="2024-03-18T15:43:00Z" duration-ms="6857" status="PASS">
          <reporter-output>
          </reporter-output>
        </test-method> <!-- Login -->
        <test-method signature="Add_to_cart()[pri:3, instance:Sauce_demo_Project.Selenium_Project@6e535154]" started-at="2024-03-18T15:43:00Z" name="Add_to_cart" finished-at="2024-03-18T15:43:02Z" duration-ms="2066" status="PASS">
          <reporter-output>
          </reporter-output>
        </test-method> <!-- Add_to_cart -->
        <test-method signature="cart_item()[pri:4, instance:Sauce_demo_Project.Selenium_Project@6e535154]" started-at="2024-03-18T15:43:02Z" name="cart_item" finished-at="2024-03-18T15:43:04Z" duration-ms="2121" status="PASS">
          <reporter-output>
          </reporter-output>
        </test-method> <!-- cart_item -->
        <test-method signature="checkout()[pri:5, instance:Sauce_demo_Project.Selenium_Project@6e535154]" started-at="2024-03-18T15:43:04Z" name="checkout" finished-at="2024-03-18T15:43:06Z" duration-ms="2123" status="PASS">
          <reporter-output>
          </reporter-output>
        </test-method> <!-- checkout -->
        <test-method signature="details()[pri:6, instance:Sauce_demo_Project.Selenium_Project@6e535154]" started-at="2024-03-18T15:43:06Z" name="details" finished-at="2024-03-18T15:43:11Z" duration-ms="4479" status="PASS">
          <reporter-output>
          </reporter-output>
        </test-method> <!-- details -->
        <test-method signature="payment()[pri:7, instance:Sauce_demo_Project.Selenium_Project@6e535154]" started-at="2024-03-18T15:43:11Z" name="payment" finished-at="2024-03-18T15:43:13Z" duration-ms="2109" status="PASS">
          <reporter-output>
          </reporter-output>
        </test-method> <!-- payment -->
        <test-method signature="order()[pri:8, instance:Sauce_demo_Project.Selenium_Project@6e535154]" started-at="2024-03-18T15:43:13Z" name="order" finished-at="2024-03-18T15:43:15Z" duration-ms="2294" status="PASS">
          <reporter-output>
          </reporter-output>
        </test-method> <!-- order -->
        <test-method is-config="true" signature="closeup()[pri:0, instance:Sauce_demo_Project.Selenium_Project@6e535154]" started-at="2024-03-18T15:43:15Z" name="closeup" finished-at="2024-03-18T15:43:16Z" duration-ms="688" status="PASS">
          <reporter-output>
          </reporter-output>
        </test-method> <!-- closeup -->
      </class> <!-- Sauce_demo_Project.Selenium_Project -->
    </test> <!-- Default test -->
  </suite> <!-- Default suite -->
</testng-results>
